POST /api/user/login  200 130.639 ms Wed, 03 Jan 2024 18:57:51 GMT
POST /api/user/signup  401 162.435 ms Sat, 06 Jan 2024 03:26:22 GMT
POST /api/user/signup  200 104.646 ms Sat, 06 Jan 2024 03:30:26 GMT
POST /api/user/signup  401 107.569 ms Sat, 06 Jan 2024 03:30:39 GMT
POST /api/user/signup  201 69.716 ms Sat, 06 Jan 2024 03:30:49 GMT
POST /api/user/signup  401 65.135 ms Sat, 06 Jan 2024 03:53:23 GMT
POST /api/user/signup  401 102.707 ms Sat, 06 Jan 2024 03:53:31 GMT
POST /api/user/signup  401 63.482 ms Sat, 06 Jan 2024 03:53:36 GMT
POST /api/user/signup  401 117.622 ms Sat, 06 Jan 2024 03:53:44 GMT
POST /api/user/signup  401 5.391 ms Sat, 06 Jan 2024 04:19:11 GMT
POST /api/user/signup  401 1.009 ms Sat, 06 Jan 2024 04:19:29 GMT
POST /api/user/signup  401 3.749 ms Sat, 06 Jan 2024 04:20:02 GMT
POST /api/user/signup  401 267.510 ms Sat, 06 Jan 2024 04:22:48 GMT
POST /api/user/signup  401 74.002 ms Sat, 06 Jan 2024 04:28:32 GMT
POST /api/user/signup  401 4.413 ms Sat, 06 Jan 2024 04:34:33 GMT
POST /api/user/signup  401 76.706 ms Sat, 06 Jan 2024 04:34:57 GMT
POST /api/user/signup  401 6.292 ms Sat, 06 Jan 2024 04:35:07 GMT
POST /api/user/signup  401 1.195 ms Sat, 06 Jan 2024 04:35:17 GMT
POST /api/user/signup  401 69.444 ms Sat, 06 Jan 2024 04:35:26 GMT
POST /api/user/signup  201 107.835 ms Sat, 06 Jan 2024 04:35:39 GMT
POST /api/user/signup  401 75.530 ms Sat, 06 Jan 2024 04:38:44 GMT
POST /api/user/signup  401 147.962 ms Sat, 06 Jan 2024 04:39:03 GMT
POST /api/user/signup  201 108.794 ms Sat, 06 Jan 2024 04:39:14 GMT
POST /api/user/signupsd  404 0.923 ms Sat, 06 Jan 2024 04:47:18 GMT
GET /api/blog  200 2.691 ms Sat, 06 Jan 2024 04:57:42 GMT
POST /api/blog  404 0.708 ms Sat, 06 Jan 2024 04:57:45 GMT
POST /api/blog  201 2.422 ms Sat, 06 Jan 2024 05:14:02 GMT
GET /api/  404 0.429 ms Sat, 06 Jan 2024 05:14:10 GMT
GET /api/blog  200 0.610 ms Sat, 06 Jan 2024 05:14:14 GMT
GET /api/blog  200 0.365 ms Sat, 06 Jan 2024 05:15:16 GMT
GET /api/blog/2342342  200 0.947 ms Sat, 06 Jan 2024 05:15:22 GMT
DELETE /api/blog/2342342  204 0.385 ms Sat, 06 Jan 2024 05:15:27 GMT
PUT /api/blog/2342342  200 2.510 ms Sat, 06 Jan 2024 05:15:48 GMT
POST /api/blog  401 5.163 ms Sat, 06 Jan 2024 09:03:25 GMT
POST /api/blog  401 0.955 ms Sat, 06 Jan 2024 09:03:34 GMT
POST /api/blog  201 13.425 ms Sat, 06 Jan 2024 09:26:39 GMT
POST /api/blog  201 37.995 ms Sat, 06 Jan 2024 09:27:19 GMT
POST /api/blog  201 4.158 ms Sat, 06 Jan 2024 09:27:26 GMT
POST /api/blog  201 3.567 ms Sat, 06 Jan 2024 09:27:31 GMT
POST /api/blog  201 2.819 ms Sat, 06 Jan 2024 09:27:38 GMT
GET /api/blog  200 32.753 ms Sat, 06 Jan 2024 09:32:03 GMT
GET /api/blog  200 8.048 ms Sat, 06 Jan 2024 09:34:37 GMT
GET /api/blog/23  200 10.439 ms Sat, 06 Jan 2024 09:38:35 GMT
GET /api/blog/2  200 37.940 ms Sat, 06 Jan 2024 09:39:00 GMT
POST /api/blog  201 11.331 ms Sat, 06 Jan 2024 09:39:08 GMT
POST /api/blog  201 2.585 ms Sat, 06 Jan 2024 09:39:16 GMT
POST /api/blog  201 42.828 ms Sat, 06 Jan 2024 09:39:37 GMT
GET /api/blog/2  200 8.360 ms Sat, 06 Jan 2024 09:39:42 GMT
GET /api/blog/2  200 13.274 ms Sat, 06 Jan 2024 09:45:24 GMT
GET /api/blog/2  200 10.367 ms Sat, 06 Jan 2024 09:46:09 GMT
GET /api/blog/1  200 6.445 ms Sat, 06 Jan 2024 09:46:12 GMT
GET /api/blog/3  200 2.201 ms Sat, 06 Jan 2024 09:46:16 GMT
GET /api/blog/13  200 1.831 ms Sat, 06 Jan 2024 09:46:20 GMT
GET /api/blog/1  200 12.749 ms Sat, 06 Jan 2024 09:47:12 GMT
GET /api/blog/1  200 16.690 ms Sat, 06 Jan 2024 09:47:36 GMT
GET /api/blog/1324  200 2.004 ms Sat, 06 Jan 2024 09:47:39 GMT
GET /api/blog/1324  200 2.226 ms Sat, 06 Jan 2024 09:47:41 GMT
GET /api/blog/1324  404 9.108 ms Sat, 06 Jan 2024 09:48:49 GMT
GET /api/blog/3  200 40.380 ms Sat, 06 Jan 2024 09:49:00 GMT
POST /api/blog  401 2.390 ms Sat, 06 Jan 2024 09:55:23 GMT
POST /api/blog  201 44.840 ms Sat, 06 Jan 2024 09:55:29 GMT
POST /api/blog  401 1.045 ms Sat, 06 Jan 2024 09:55:35 GMT
POST /api/blog  201 37.810 ms Sat, 06 Jan 2024 09:57:08 GMT
GET /api/blog  200 10.564 ms Sat, 06 Jan 2024 10:01:44 GMT
GET /api/blog  200 6.967 ms Sat, 06 Jan 2024 10:05:19 GMT
GET /api/blog  200 7.861 ms Sat, 06 Jan 2024 10:05:37 GMT
GET /api/blog  200 8.487 ms Sat, 06 Jan 2024 10:05:49 GMT
GET /api/blog  404 8.368 ms Sat, 06 Jan 2024 10:06:27 GMT
POST /api/blog  201 11.974 ms Sat, 06 Jan 2024 10:06:36 GMT
POST /api/blog  201 43.252 ms Sat, 06 Jan 2024 10:07:05 GMT
POST /api/blog  201 13.675 ms Sat, 06 Jan 2024 10:09:38 GMT
POST /api/blog  201 39.764 ms Sat, 06 Jan 2024 10:09:50 GMT
POST /api/blog  201 38.865 ms Sat, 06 Jan 2024 10:10:10 GMT
GET /api/blog/4  404 5.836 ms Sat, 06 Jan 2024 10:10:16 GMT
GET /api/blog/3  200 3.125 ms Sat, 06 Jan 2024 10:10:19 GMT
PUT /api/blog/45  401 3.925 ms Sat, 06 Jan 2024 10:19:58 GMT
PUT /api/blog/45  200 46.186 ms Sat, 06 Jan 2024 10:20:39 GMT
PUT /api/blog/1  200 48.595 ms Sat, 06 Jan 2024 10:20:54 GMT
PUT /api/blog/1  200 13.399 ms Sat, 06 Jan 2024 10:22:18 GMT
PUT /api/blog/12  404 9.964 ms Sat, 06 Jan 2024 10:22:33 GMT
PUT /api/blog/12w  500 38.336 ms Sat, 06 Jan 2024 10:22:57 GMT
PUT /api/blog/1  200 3.989 ms Sat, 06 Jan 2024 10:23:05 GMT
GET /api/blog  200 19.366 ms Sat, 06 Jan 2024 10:30:01 GMT
PUT /api/blog/1  200 9.167 ms Sat, 06 Jan 2024 10:30:06 GMT
PUT /api/blog/1  200 13.915 ms Sat, 06 Jan 2024 10:31:01 GMT
PUT /api/blog/1  500 50.982 ms Sat, 06 Jan 2024 10:32:03 GMT
PUT /api/blog/1  500 52.459 ms Sat, 06 Jan 2024 10:32:19 GMT
PUT /api/blog/1  500 6.215 ms Sat, 06 Jan 2024 10:32:25 GMT
PUT /api/blog/1  200 25.581 ms Sat, 06 Jan 2024 10:33:03 GMT
PUT /api/blog/1  200 25.724 ms Sat, 06 Jan 2024 10:36:57 GMT
PUT /api/blog/13  404 9.202 ms Sat, 06 Jan 2024 10:40:55 GMT
PUT /api/blog/3  200 14.868 ms Sat, 06 Jan 2024 10:41:00 GMT
DELETE /api/blog/12  404 42.938 ms Sat, 06 Jan 2024 10:41:34 GMT
DELETE /api/blog/3  404 15.665 ms Sat, 06 Jan 2024 10:42:08 GMT
GET /api/blog  200 14.831 ms Sat, 06 Jan 2024 10:42:13 GMT
DELETE /api/blog/2  404 9.386 ms Sat, 06 Jan 2024 10:42:40 GMT
DELETE /api/blog/1  204 6.924 ms Sat, 06 Jan 2024 10:42:43 GMT
DELETE /api/blog/1  404 10.594 ms Sat, 06 Jan 2024 10:43:51 GMT
POST /api/blog  201 10.579 ms Sat, 06 Jan 2024 10:43:55 GMT
DELETE /api/blog/16  404 39.761 ms Sat, 06 Jan 2024 10:55:13 GMT
DELETE /api/blog/4  204 4.401 ms Sat, 06 Jan 2024 10:55:17 GMT
GET /api/blog  404 3.178 ms Sat, 06 Jan 2024 10:55:21 GMT
GET /api/blog/3  404 1.643 ms Sat, 06 Jan 2024 10:55:25 GMT
POST /api/blog  201 40.134 ms Sat, 06 Jan 2024 10:55:53 GMT
POST /api/blog  201 38.576 ms Sat, 06 Jan 2024 10:56:25 GMT
POST /api/blog  201 36.347 ms Sat, 06 Jan 2024 10:56:50 GMT
POST /api/blog  201 142.684 ms Sat, 06 Jan 2024 10:57:11 GMT
GET /api/blog/37  404 4.307 ms Sat, 06 Jan 2024 10:57:20 GMT
GET /api/blog/7  200 2.232 ms Sat, 06 Jan 2024 10:57:23 GMT
GET /api/blog/7  200 36.423 ms Sat, 06 Jan 2024 10:58:09 GMT
PUT /api/blog/7  200 6.603 ms Sat, 06 Jan 2024 10:58:14 GMT
GET /api/blog/7  200 2.940 ms Sat, 06 Jan 2024 10:58:17 GMT
GET /api/blog  200 9.243 ms Sat, 06 Jan 2024 11:08:30 GMT
GET /api/blog  200 8.979 ms Sat, 06 Jan 2024 11:15:22 GMT
GET /api/blog/7  200 10.682 ms Sat, 06 Jan 2024 11:17:19 GMT
POST /api/blog  201 48.276 ms Sat, 06 Jan 2024 11:29:04 GMT
POST /api/blog  201 39.823 ms Sat, 06 Jan 2024 11:29:21 GMT
POST /api/blog  201 53.858 ms Sat, 06 Jan 2024 11:35:17 GMT
GET /api/blog  200 6.540 ms Sat, 06 Jan 2024 11:35:22 GMT
PUT /api/blog/9  200 53.419 ms Sat, 06 Jan 2024 11:45:37 GMT
PUT /api/blog/1  404 2.156 ms Sat, 06 Jan 2024 11:45:43 GMT
PUT /api/blog/10  200 5.311 ms Sat, 06 Jan 2024 11:45:50 GMT
GET /api/blog/10  200 2.520 ms Sat, 06 Jan 2024 11:45:58 GMT
GET /api/blog  200 3.179 ms Sat, 06 Jan 2024 11:46:03 GMT
PUT /api/blog/5  200 40.407 ms Sat, 06 Jan 2024 11:46:22 GMT
DELETE /api/blog/1  404 8.553 ms Sat, 06 Jan 2024 11:49:04 GMT
DELETE /api/blog/5  404 5.468 ms Sat, 06 Jan 2024 11:49:08 GMT
GET /api/blog/5  404 39.877 ms Sat, 06 Jan 2024 11:49:32 GMT
GET /api/blog  200 2.916 ms Sat, 06 Jan 2024 11:49:36 GMT
DELETE /api/blog/6  404 3.358 ms Sat, 06 Jan 2024 11:49:42 GMT
DELETE /api/blog/6  404 9.002 ms Sat, 06 Jan 2024 11:50:30 GMT
DELETE /api/blog/7  204 4.942 ms Sat, 06 Jan 2024 11:50:33 GMT
DELETE /api/blog/7  404 3.584 ms Sat, 06 Jan 2024 11:50:40 GMT
GET /api/blog  200 2.679 ms Sat, 06 Jan 2024 11:50:44 GMT
POST /api/blog  201 48.147 ms Sat, 06 Jan 2024 11:56:12 GMT
POST /api/blog  201 3.752 ms Sat, 06 Jan 2024 11:56:15 GMT
POST /api/blog  201 2.857 ms Sat, 06 Jan 2024 11:56:18 GMT
POST /api/blog  201 3.353 ms Sat, 06 Jan 2024 11:56:21 GMT
POST /api/blog  201 3.571 ms Sat, 06 Jan 2024 11:56:25 GMT
POST /api/blog  201 3.001 ms Sat, 06 Jan 2024 11:56:29 GMT
POST /api/blog  201 2.334 ms Sat, 06 Jan 2024 11:56:33 GMT
POST /api/blog  201 2.424 ms Sat, 06 Jan 2024 11:56:37 GMT
POST /api/blog  201 2.553 ms Sat, 06 Jan 2024 11:56:40 GMT
POST /api/blog  201 6.514 ms Sat, 06 Jan 2024 11:56:44 GMT
POST /api/blog  201 2.491 ms Sat, 06 Jan 2024 11:56:48 GMT
GET /api/blog  200 143.117 ms Sat, 06 Jan 2024 12:00:20 GMT
GET /api/blog  200 10.028 ms Sat, 06 Jan 2024 12:00:55 GMT
GET /api/blog?page=2  200 53.545 ms Sat, 06 Jan 2024 12:01:06 GMT
GET /api/blog?page=3  200 2.836 ms Sat, 06 Jan 2024 12:01:13 GMT
GET /api/blog?page=3  200 11.693 ms Sat, 06 Jan 2024 12:04:46 GMT
GET /api/blog?page=3  200 13.497 ms Sat, 06 Jan 2024 12:05:22 GMT
GET /api/blog?page=4  404 58.823 ms Sat, 06 Jan 2024 12:05:35 GMT
GET /api/blog?page=3  200 4.237 ms Sat, 06 Jan 2024 12:05:40 GMT
GET /api/blog/search/  500 37.561 ms Sat, 06 Jan 2024 12:26:17 GMT
GET /api/blog/search  500 3.125 ms Sat, 06 Jan 2024 12:26:26 GMT
GET /api/blog/search  500 37.354 ms Sat, 06 Jan 2024 12:27:16 GMT
GET /api/blog/search  500 39.733 ms Sat, 06 Jan 2024 12:28:20 GMT
GET /api/blog/search  500 39.570 ms Sat, 06 Jan 2024 12:28:31 GMT
GET /api/blog/search  500 142.460 ms Sat, 06 Jan 2024 12:29:03 GMT
GET /api/blog/search  500 75.125 ms Sat, 06 Jan 2024 12:29:18 GMT
GET /api/blog/search  500 37.847 ms Sat, 06 Jan 2024 12:29:36 GMT
POST /api/blog?page=3  401 2.517 ms Sat, 06 Jan 2024 12:30:24 GMT
GET /api/blog?page=3  200 42.185 ms Sat, 06 Jan 2024 12:30:42 GMT
POST /api/blog  201 71.159 ms Sat, 06 Jan 2024 12:30:53 GMT
GET /api/blog/12  200 2.312 ms Sat, 06 Jan 2024 12:31:03 GMT
GET /api/blog/23  200 1.607 ms Sat, 06 Jan 2024 12:31:08 GMT
GET /api/blog/  200 37.179 ms Sat, 06 Jan 2024 12:31:20 GMT
GET /api/blog/search  500 48.889 ms Sat, 06 Jan 2024 12:31:30 GMT
GET /api/blog/hello  500 45.481 ms Sat, 06 Jan 2024 12:33:04 GMT
GET /api/blog/hello  500 42.053 ms Sat, 06 Jan 2024 12:33:55 GMT
GET /api/blog/hello  500 40.017 ms Sat, 06 Jan 2024 12:34:04 GMT
GET /api/blog/search  500 38.708 ms Sat, 06 Jan 2024 12:36:06 GMT
GET /api/blog/search  200 28.370 ms Sat, 06 Jan 2024 12:37:40 GMT
GET /api/blog/search?search_term=i  200 146.947 ms Sat, 06 Jan 2024 12:39:32 GMT
GET /api/blog/search?search_term=i%20need  200 4.458 ms Sat, 06 Jan 2024 12:39:42 GMT
GET /api/blog/search?search_term=i%20need  500 44.998 ms Sat, 06 Jan 2024 12:39:55 GMT
GET /api/blog?page=3  200 44.673 ms Sat, 06 Jan 2024 12:40:41 GMT
GET /api/blog/search?search_term=i%20need  200 56.042 ms Sat, 06 Jan 2024 12:46:08 GMT
GET /api/blog/search?search_term=i%20  200 4.588 ms Sat, 06 Jan 2024 12:46:14 GMT
GET /api/blog?page=2  200 38.634 ms Sat, 06 Jan 2024 12:46:55 GMT
GET /api/blog/search?search_term=i&page=3  200 42.179 ms Sat, 06 Jan 2024 12:47:23 GMT
GET /api/blog/search?search_term=i&page=1  200 145.947 ms Sat, 06 Jan 2024 12:47:35 GMT
POST /api/blog  201 45.098 ms Sat, 06 Jan 2024 12:47:46 GMT
GET /api/blog/search?search_term=i&page=1  200 7.784 ms Sat, 06 Jan 2024 12:47:50 GMT
GET /api/blog?page=2  200 2.106 ms Sat, 06 Jan 2024 12:47:57 GMT
GET /api/blog/search?search_term=we%27re&page=1  200 43.710 ms Sat, 06 Jan 2024 12:48:10 GMT
GET /api/blog/search?search_term=we&page=1  200 14.459 ms Sat, 06 Jan 2024 12:48:30 GMT
POST /api/blog  200 2.304 ms Sat, 06 Jan 2024 13:04:09 GMT
POST /api/user/login  500 46.674 ms Sat, 06 Jan 2024 13:04:35 GMT
POST /api/user/signup  201 118.335 ms Sat, 06 Jan 2024 13:04:55 GMT
POST /api/user/login  200 67.490 ms Sat, 06 Jan 2024 13:05:02 GMT
POST /api/blog  200 0.527 ms Sat, 06 Jan 2024 13:05:15 GMT
POST /api/blog  200 0.502 ms Sat, 06 Jan 2024 13:05:33 GMT
POST /api/blog  - - ms Sat, 06 Jan 2024 13:08:13 GMT
POST /api/blog  - - ms Sat, 06 Jan 2024 13:08:36 GMT
POST /api/blog  401 2.245 ms Sat, 06 Jan 2024 13:25:48 GMT
POST /api/user/login  200 77.866 ms Sat, 06 Jan 2024 13:29:00 GMT
POST /api/blog  - - ms Sat, 06 Jan 2024 13:29:22 GMT
POST /api/blog  401 3.108 ms Sat, 06 Jan 2024 13:37:08 GMT
POST /api/blog  500 1.794 ms Sat, 06 Jan 2024 13:37:17 GMT
POST /api/blog  500 3.377 ms Sat, 06 Jan 2024 13:38:16 GMT
POST /api/blog  500 3.850 ms Sat, 06 Jan 2024 13:38:22 GMT
POST /api/user/login  200 108.209 ms Sat, 06 Jan 2024 13:38:47 GMT
POST /api/blog  500 3.533 ms Sat, 06 Jan 2024 13:38:59 GMT
POST /api/blog  500 0.456 ms Sat, 06 Jan 2024 13:39:25 GMT
POST /api/blog  500 5.492 ms Sat, 06 Jan 2024 13:39:45 GMT
POST /api/blog  401 3.469 ms Sat, 06 Jan 2024 13:47:25 GMT
POST /api/blog  401 2.854 ms Sat, 06 Jan 2024 13:48:47 GMT
POST /api/blog  401 6.253 ms Sat, 06 Jan 2024 13:48:52 GMT
POST /api/blog  500 8.772 ms Sat, 06 Jan 2024 13:49:16 GMT
POST /api/blog  500 11.054 ms Sat, 06 Jan 2024 13:50:20 GMT
GET /api/blog/32424  404 156.547 ms Sat, 06 Jan 2024 13:50:30 GMT
GET /api/blog  200 8.137 ms Sat, 06 Jan 2024 13:50:34 GMT
GET /api/blog?page=4  200 41.749 ms Sat, 06 Jan 2024 13:50:50 GMT
POST /api/blog  500 8.272 ms Sat, 06 Jan 2024 13:51:32 GMT
POST /api/blog  500 10.158 ms Sat, 06 Jan 2024 13:52:01 GMT
POST /api/blog  401 5.451 ms Sat, 06 Jan 2024 13:54:07 GMT
POST /api/user/login  200 82.467 ms Sat, 06 Jan 2024 13:54:13 GMT
POST /api/blog  201 58.372 ms Sat, 06 Jan 2024 13:54:24 GMT
POST /api/blog  201 20.546 ms Sat, 06 Jan 2024 13:54:47 GMT
DELETE /api/blog/12  204 157.256 ms Sat, 06 Jan 2024 14:01:19 GMT
DELETE /api/blog/12  401 3.209 ms Sat, 06 Jan 2024 14:01:31 GMT
PUT /api/blog/45  401 0.592 ms Sat, 06 Jan 2024 14:01:48 GMT
DELETE /api/blog/12  401 0.750 ms Sat, 06 Jan 2024 14:01:59 GMT
DELETE /api/blog/12  404 57.678 ms Sat, 06 Jan 2024 14:02:11 GMT
DELETE /api/blog/20  204 46.824 ms Sat, 06 Jan 2024 14:02:24 GMT
DELETE /api/blog/20  404 18.426 ms Sat, 06 Jan 2024 14:03:21 GMT
DELETE /api/blog/20  404 43.767 ms Sat, 06 Jan 2024 14:03:52 GMT
DELETE /api/blog/20  401 0.591 ms Sat, 06 Jan 2024 14:03:59 GMT
DELETE /api/blog/20  404 141.791 ms Sat, 06 Jan 2024 14:04:04 GMT
POST /api/blog  401 5.739 ms Sat, 06 Jan 2024 16:31:54 GMT
POST /api/user/login  200 81.986 ms Sat, 06 Jan 2024 16:32:17 GMT
POST /api/blog  401 1.151 ms Sat, 06 Jan 2024 16:32:57 GMT
POST /api/blog  200 6.784 ms Sat, 06 Jan 2024 16:33:08 GMT
POST /api/blog  403 6.112 ms Sat, 06 Jan 2024 16:39:30 GMT
POST /api/user/signup  201 216.983 ms Sat, 06 Jan 2024 16:40:16 GMT
POST /api/user/login  200 114.240 ms Sat, 06 Jan 2024 16:40:33 GMT
POST /api/blog  201 18.175 ms Sat, 06 Jan 2024 16:41:21 GMT
POST /api/blog  401 5.285 ms Sat, 06 Jan 2024 16:41:29 GMT
POST /api/blog  201 156.704 ms Sat, 06 Jan 2024 16:41:46 GMT
GET /api/aboutme  200 2.420 ms Sat, 06 Jan 2024 17:21:49 GMT
POST /api/aboutme  201 0.924 ms Sat, 06 Jan 2024 17:22:28 GMT
PUT /api/aboutme  200 0.840 ms Sat, 06 Jan 2024 17:22:56 GMT
POST /api/aboutme  401 5.805 ms Sat, 06 Jan 2024 17:31:36 GMT
POST /api/aboutme  401 5.578 ms Sat, 06 Jan 2024 17:31:45 GMT
POST /api/aboutme  - - ms Sat, 06 Jan 2024 17:32:29 GMT
POST /api/aboutme  401 3.793 ms Sat, 06 Jan 2024 17:32:46 GMT
POST /api/aboutme  201 55.276 ms Sat, 06 Jan 2024 17:34:24 GMT
POST /api/aboutme  401 48.583 ms Sat, 06 Jan 2024 17:38:50 GMT
POST /api/aboutme  401 47.828 ms Sat, 06 Jan 2024 17:40:02 GMT
PUT /api/aboutme  404 1.020 ms Sat, 06 Jan 2024 17:40:33 GMT
PUT /api/aboutme/1  200 21.434 ms Sat, 06 Jan 2024 17:40:51 GMT
GET /api/aboutme  200 44.273 ms Sat, 06 Jan 2024 17:41:09 GMT
PUT /api/aboutme  404 2.675 ms Sat, 06 Jan 2024 17:44:01 GMT
PUT /api/aboutme/1  200 57.216 ms Sat, 06 Jan 2024 17:44:09 GMT
GET /api/aboutme  200 40.786 ms Sat, 06 Jan 2024 17:44:27 GMT
GET /api/aboutme  200 8.223 ms Sat, 06 Jan 2024 17:50:29 GMT
GET /api/aboutme  200 9.348 ms Sat, 06 Jan 2024 17:53:24 GMT
PUT /api/aboutme/1  200 62.838 ms Sat, 06 Jan 2024 17:53:38 GMT
GET /api/aboutme  200 3.320 ms Sat, 06 Jan 2024 17:53:44 GMT
POST /api/aboutme  401 94.012 ms Sat, 06 Jan 2024 17:54:02 GMT
POST /api/aboutme  201 7.774 ms Sat, 06 Jan 2024 17:54:08 GMT
GET /api/aboutme  200 2.027 ms Sat, 06 Jan 2024 17:54:14 GMT
PUT /api/aboutme/2  200 5.888 ms Sat, 06 Jan 2024 17:58:38 GMT
GET /api/aboutme  200 9.716 ms Sat, 06 Jan 2024 17:59:04 GMT
PUT /api/aboutme/5  200 5.121 ms Sat, 06 Jan 2024 17:59:32 GMT
PUT /api/aboutme/5  200 6.737 ms Sat, 06 Jan 2024 18:00:06 GMT
GET /api/aboutme  200 3.009 ms Sat, 06 Jan 2024 18:00:11 GMT
PUT /api/aboutme/15  200 1.199 ms Sat, 06 Jan 2024 18:00:43 GMT
POST /api/aboutme  201 47.565 ms Sat, 06 Jan 2024 18:01:06 GMT
PUT /api/aboutme/15  200 0.844 ms Sat, 06 Jan 2024 18:01:44 GMT
PUT /api/aboutme/15  200 5.894 ms Sat, 06 Jan 2024 18:04:18 GMT
PUT /api/aboutme/15  200 1.132 ms Sat, 06 Jan 2024 18:04:20 GMT
PUT /api/aboutme/15  200 6.872 ms Sat, 06 Jan 2024 18:06:01 GMT
PUT /api/aboutme/15  200 7.954 ms Sat, 06 Jan 2024 18:06:34 GMT
PUT /api/aboutme/15  200 4.252 ms Sat, 06 Jan 2024 18:06:50 GMT
PUT /api/aboutme/15  200 4.615 ms Sat, 06 Jan 2024 18:07:09 GMT
PUT /api/aboutme/15  200 8.766 ms Sat, 06 Jan 2024 18:07:56 GMT
PUT /api/aboutme/15  200 8.430 ms Sat, 06 Jan 2024 18:08:57 GMT
PUT /api/aboutme/15  404 9.371 ms Sat, 06 Jan 2024 18:10:41 GMT
PUT /api/aboutme/15  404 9.393 ms Sat, 06 Jan 2024 18:11:15 GMT
PUT /api/aboutme/1  200 23.673 ms Sat, 06 Jan 2024 18:11:23 GMT
PUT /api/aboutme/1  200 37.311 ms Sat, 06 Jan 2024 18:12:47 GMT
PUT /api/aboutme/1  200 23.528 ms Sat, 06 Jan 2024 18:13:40 GMT
GET /api/aboutme  200 37.960 ms Sat, 06 Jan 2024 18:13:53 GMT
POST /api/aboutme  201 61.400 ms Sat, 06 Jan 2024 18:16:14 GMT
POST /api/aboutme  401 2.795 ms Sat, 06 Jan 2024 18:17:29 GMT
POST /api/user/login  200 115.202 ms Sat, 06 Jan 2024 18:17:45 GMT
POST /api/aboutme  403 2.825 ms Sat, 06 Jan 2024 18:18:07 GMT
POST /api/user/login  200 101.806 ms Sat, 06 Jan 2024 18:18:20 GMT
POST /api/aboutme  401 93.996 ms Sat, 06 Jan 2024 18:18:36 GMT
POST /api/aboutme  201 10.151 ms Sat, 06 Jan 2024 18:18:43 GMT
GET /api/aboutme  200 3.256 ms Sat, 06 Jan 2024 18:18:48 GMT
