POST /api/user/login  200 83.171 ms Tue, 02 Jan 2024 15:10:08 GMT
POST /api/user/signup  401 140.879 ms Tue, 02 Jan 2024 15:10:19 GMT
POST /api/task  200 8.325 ms Tue, 02 Jan 2024 15:10:25 GMT
POST /api/task  200 5.325 ms Tue, 02 Jan 2024 15:10:31 GMT
POST /api/task  401 0.550 ms Tue, 02 Jan 2024 15:10:38 GMT
POST /api/task  200 67.631 ms Tue, 02 Jan 2024 15:10:53 GMT
GET /api/task  200 4.875 ms Tue, 02 Jan 2024 15:10:57 GMT
GET /api/task  200 17.470 ms Thu, 04 Jan 2024 15:31:06 GMT
POST /api/task  401 0.853 ms Thu, 04 Jan 2024 15:31:35 GMT
POST /api/task  200 57.812 ms Thu, 04 Jan 2024 15:31:40 GMT
POST /api/task  200 46.482 ms Thu, 04 Jan 2024 15:32:03 GMT
POST /api/task  200 43.017 ms Thu, 04 Jan 2024 15:32:22 GMT
POST /api/task  200 46.953 ms Thu, 04 Jan 2024 15:32:37 GMT
GET /api/task  200 4.699 ms Thu, 04 Jan 2024 15:32:41 GMT
GET /api/task  200 418.405 ms Thu, 04 Jan 2024 15:52:17 GMT
GET /api/task  200 12.502 ms Thu, 04 Jan 2024 15:52:28 GMT
GET /api/task  200 4.769 ms Thu, 04 Jan 2024 15:52:37 GMT
GET /api/task?page=1&page_limit=5  200 3.606 ms Thu, 04 Jan 2024 15:53:15 GMT
GET /api/task?page=1&page_limit=5  200 12.634 ms Thu, 04 Jan 2024 15:54:07 GMT
GET /api/task?page=1&page_limit=5  200 58.070 ms Thu, 04 Jan 2024 16:03:50 GMT
GET /api/task?page=1&page_limit=5  200 6.165 ms Thu, 04 Jan 2024 16:03:58 GMT
GET /api/task?page=1&per_page=5  200 6.662 ms Thu, 04 Jan 2024 16:08:01 GMT
GET /api/task?page=2&per_page=5  200 2.184 ms Thu, 04 Jan 2024 16:08:07 GMT
GET /api/task?page=2&per_page=5  200 14.678 ms Thu, 04 Jan 2024 16:12:48 GMT
GET /api/task?page=2&per_page=2  200 13.816 ms Thu, 04 Jan 2024 16:14:05 GMT
GET /api/task?page=2&per_page=2  200 15.763 ms Thu, 04 Jan 2024 16:21:10 GMT
GET /api/task?page=1&per_page=2  200 3.258 ms Thu, 04 Jan 2024 16:21:16 GMT
GET /api/task?page=5&per_page=2  200 4.548 ms Thu, 04 Jan 2024 16:21:21 GMT
GET /api/task?page=1&per_page=2  200 11.930 ms Thu, 04 Jan 2024 16:24:40 GMT
GET /api/task?page=15&per_page=2  404 3.194 ms Thu, 04 Jan 2024 16:24:45 GMT
GET /api/task?page=15&per_page=2  500 10.175 ms Thu, 04 Jan 2024 16:29:03 GMT
GET /api/task?page=5&per_page=2  200 142.237 ms Thu, 04 Jan 2024 16:29:18 GMT
GET /api/task?page=5&per_page=5  500 3.255 ms Thu, 04 Jan 2024 16:29:25 GMT
GET /api/task?page=3&per_page=5  200 2.632 ms Thu, 04 Jan 2024 16:29:31 GMT
GET /api/task?page=2&per_page=5  200 3.250 ms Thu, 04 Jan 2024 16:29:36 GMT
GET /api/task?page=2&per_page=5  200 21.257 ms Thu, 04 Jan 2024 16:32:35 GMT
GET /api/task?page=2&per_page=5  200 15.925 ms Thu, 04 Jan 2024 16:32:56 GMT
GET /api/task?page=2&per_page=5  200 16.396 ms Thu, 04 Jan 2024 16:34:39 GMT
GET /api/task?page=2&per_page=5  200 16.855 ms Thu, 04 Jan 2024 16:35:28 GMT
GET /api/task?page=3&per_page=5  200 8.843 ms Thu, 04 Jan 2024 16:35:36 GMT
GET /api/task?page=3&per_page=5  500 14.991 ms Thu, 04 Jan 2024 16:57:10 GMT
GET /api/task?page=3&per_page=5  200 14.054 ms Thu, 04 Jan 2024 17:00:05 GMT
GET /api/task?page=3&per_page=5&search_term=into  200 47.056 ms Thu, 04 Jan 2024 17:00:28 GMT
GET /api/task?page=1&per_page=5&search_term=into  200 143.962 ms Thu, 04 Jan 2024 17:01:16 GMT
GET /api/task?page=1&per_page=5&search_term=into  500 41.662 ms Thu, 04 Jan 2024 17:01:39 GMT
GET /api/task?page=1&per_page=5&search_term=into  500 15.826 ms Thu, 04 Jan 2024 17:02:45 GMT
GET /api/task?page=1&per_page=5&search_term=into  500 22.932 ms Thu, 04 Jan 2024 17:03:44 GMT
GET /api/task?search_term=into  500 4.099 ms Thu, 04 Jan 2024 17:03:50 GMT
GET /api/task?search_term=into  500 39.466 ms Thu, 04 Jan 2024 17:04:24 GMT
GET /api/task?search_term=into  500 53.108 ms Thu, 04 Jan 2024 17:05:14 GMT
GET /api/task?search_term=into  500 21.250 ms Thu, 04 Jan 2024 17:05:56 GMT
GET /api/task?search_term=into  500 4.712 ms Thu, 04 Jan 2024 17:06:01 GMT
GET /api/task?search_term=into  500 53.174 ms Thu, 04 Jan 2024 17:06:39 GMT
GET /api/task?search_term=into  200 15.733 ms Thu, 04 Jan 2024 17:07:03 GMT
GET /api/task?search_term=into  200 13.699 ms Thu, 04 Jan 2024 17:07:46 GMT
GET /api/task?page=2&per_page=5&search_term=into  500 4.259 ms Thu, 04 Jan 2024 17:07:55 GMT
GET /api/task?page=1&per_page=5&search_term=into  200 44.986 ms Thu, 04 Jan 2024 17:08:14 GMT
GET /api/task?page=1&per_page=5&search_term=into  500 14.228 ms Thu, 04 Jan 2024 17:08:34 GMT
GET /api/task?page=1&per_page=5&search_term=into  500 13.163 ms Thu, 04 Jan 2024 17:09:21 GMT
GET /api/task?page=1&per_page=5&search_term=into  200 27.357 ms Thu, 04 Jan 2024 17:09:37 GMT
GET /api/task?page=1&per_page=5&search_term=into  500 13.991 ms Thu, 04 Jan 2024 17:09:49 GMT
GET /api/task?page=1&per_page=5&search_term=into  500 17.315 ms Thu, 04 Jan 2024 17:11:39 GMT
GET /api/task?page=1&per_page=5&search_term=into  500 15.107 ms Thu, 04 Jan 2024 17:12:59 GMT
GET /api/task?page=1&per_page=5&search_term=x  500 42.262 ms Thu, 04 Jan 2024 17:13:23 GMT
GET /api/task?page=1&per_page=5&search_term=x  500 14.133 ms Thu, 04 Jan 2024 17:15:30 GMT
GET /api/task?page=1&per_page=5&search_term=x  500 14.523 ms Thu, 04 Jan 2024 17:15:49 GMT
GET /api/task?page=1&per_page=5&search_term=x  500 16.742 ms Thu, 04 Jan 2024 17:16:06 GMT
GET /api/task?page=1&per_page=5&search_term=x  500 16.077 ms Thu, 04 Jan 2024 17:16:30 GMT
GET /api/task?page=1&per_page=5&search_term=x  500 16.658 ms Thu, 04 Jan 2024 17:17:02 GMT
GET /api/task?page=1&per_page=5&search_term=x  500 16.480 ms Thu, 04 Jan 2024 17:17:41 GMT
GET /api/task?page=1&per_page=5&search_term=x  500 14.154 ms Thu, 04 Jan 2024 17:21:26 GMT
GET /api/task?page=1&per_page=5&search_term=x  500 15.653 ms Thu, 04 Jan 2024 17:21:49 GMT
GET /api/task?page=1&per_page=5&search_term=x  500 14.463 ms Thu, 04 Jan 2024 17:22:09 GMT
GET /api/task?page=1&per_page=5&search_term=x  200 18.941 ms Thu, 04 Jan 2024 17:22:55 GMT
GET /api/task?page=1&per_page=5&search_term=x  500 15.255 ms Thu, 04 Jan 2024 17:23:12 GMT
GET /api/task?page=1&per_page=5&search_term=x  200 16.160 ms Thu, 04 Jan 2024 17:23:22 GMT
GET /api/task?page=2&per_page=5&search_term=x  200 4.843 ms Thu, 04 Jan 2024 17:23:30 GMT
GET /api/task?page=2&per_page=5&search_term=x  500 14.217 ms Thu, 04 Jan 2024 17:24:26 GMT
GET /api/task?page=2&per_page=5&search_term=x  200 14.714 ms Thu, 04 Jan 2024 17:26:27 GMT
GET /api/task?page=1&per_page=5&search_term=x  200 39.564 ms Thu, 04 Jan 2024 17:26:38 GMT
GET /api/task?page=1&per_page=5&search_term=  200 7.376 ms Thu, 04 Jan 2024 17:26:46 GMT
GET /api/task?page=2&per_page=5&search_term=  200 46.104 ms Thu, 04 Jan 2024 17:26:57 GMT
GET /api/task?page=2&per_page=5&search_term=when  500 5.023 ms Thu, 04 Jan 2024 17:27:04 GMT
GET /api/task?page=2&per_page=5&search_term=  200 44.297 ms Thu, 04 Jan 2024 17:27:26 GMT
GET /api/task?page=2&per_page=5&search_term=when  500 16.538 ms Thu, 04 Jan 2024 17:27:35 GMT
GET /api/task?page=2&per_page=5&search_term=x  200 6.416 ms Thu, 04 Jan 2024 17:27:38 GMT
GET /api/task?page=2&per_page=5&search_term=w  500 3.495 ms Thu, 04 Jan 2024 17:27:44 GMT
GET /api/task?page=2&per_page=5&search_term=  200 5.910 ms Thu, 04 Jan 2024 17:27:51 GMT
GET /api/task?page=2&per_page=5&search_term=do  500 3.838 ms Thu, 04 Jan 2024 17:27:59 GMT
GET /api/task?page=2&per_page=5&search_term=do  500 53.373 ms Thu, 04 Jan 2024 17:31:30 GMT
GET /api/task?page=2&per_page=5&search_term=do  500 17.865 ms Thu, 04 Jan 2024 17:33:19 GMT
GET /api/task?page=2&per_page=5&search_term=do  500 5.715 ms Thu, 04 Jan 2024 17:33:22 GMT
GET /api/task?page=2&per_page=5&search_term=x  200 8.021 ms Thu, 04 Jan 2024 17:33:27 GMT
GET /api/task?page=1&per_page=5&search_term=x  200 4.306 ms Thu, 04 Jan 2024 17:33:37 GMT
GET /api/task?page=1&per_page=5&search_term=d  200 7.501 ms Thu, 04 Jan 2024 17:33:40 GMT
GET /api/task?page=1&per_page=5&search_term=when  200 4.183 ms Thu, 04 Jan 2024 17:33:46 GMT
GET /api/task?page=1&per_page=5&search_term=when  200 15.591 ms Thu, 04 Jan 2024 17:35:12 GMT
GET /api/task?page=1&per_page=5&search_term=cause%20the%20  200 4.218 ms Thu, 04 Jan 2024 17:35:22 GMT
GET /api/task?page=1&per_page=5&search_term=a  200 5.274 ms Thu, 04 Jan 2024 17:35:29 GMT
GET /api/task?page=1&per_page=5&search_term=qqq  500 43.727 ms Thu, 04 Jan 2024 17:40:15 GMT
GET /api/task?page=1&per_page=5&search_term=qqq  200 15.505 ms Thu, 04 Jan 2024 17:41:42 GMT
GET /api/task?page=1&per_page=5&search_term=qqq  200 15.722 ms Thu, 04 Jan 2024 17:42:07 GMT
GET /api/task?page=1&per_page=5&search_term=qqq  200 14.989 ms Thu, 04 Jan 2024 17:42:20 GMT
GET /api/task?page=1&per_page=5&search_term=qqq  200 15.227 ms Thu, 04 Jan 2024 17:42:40 GMT
GET /api/task?page=1&per_page=5&search_term=a  200 13.838 ms Thu, 04 Jan 2024 17:42:47 GMT
GET /api/task?page=1&per_page=5&search_term=qqq  400 153.192 ms Thu, 04 Jan 2024 17:44:19 GMT
GET /api/task?page=1&per_page=5&search_term=qqq  400 16.685 ms Thu, 04 Jan 2024 17:46:00 GMT
GET /api/task?page=1&per_page=5&search_term=q  400 4.888 ms Thu, 04 Jan 2024 17:46:07 GMT
GET /api/task?page=1&per_page=5&search_term=m  200 12.662 ms Thu, 04 Jan 2024 17:46:10 GMT
GET /api/task?page=1&per_page=5&search_term=m  200 21.792 ms Thu, 04 Jan 2024 17:46:44 GMT
GET /api/task?page=1&per_page=5&search_term=  200 10.753 ms Thu, 04 Jan 2024 17:46:52 GMT
GET /api/task?page=1&per_page=5&search_term=when  200 42.842 ms Thu, 04 Jan 2024 17:47:12 GMT
GET /api/task?page=2&per_page=5&search_term=when  400 4.978 ms Thu, 04 Jan 2024 17:47:17 GMT
GET /api/task?page=2&per_page=5&search_term=when  400 16.938 ms Thu, 04 Jan 2024 17:49:44 GMT
GET /api/task?page=1&per_page=5&search_term=when  200 51.064 ms Thu, 04 Jan 2024 17:50:01 GMT
GET /api/task?page=1&per_page=5&search_term=cause  200 19.345 ms Thu, 04 Jan 2024 17:50:24 GMT
GET /api/task?page=1&per_page=5&search_term=CAUSE  400 54.745 ms Thu, 04 Jan 2024 18:03:34 GMT
GET /api/task?page=1&per_page=5&search_term=CAUSE  200 22.182 ms Thu, 04 Jan 2024 18:04:26 GMT
GET /api/task?page=1&per_page=5&search_term=Whe  200 7.648 ms Thu, 04 Jan 2024 18:04:33 GMT
GET /api/task?page=1&per_page=5&search_term=  200 46.309 ms Thu, 04 Jan 2024 18:05:43 GMT
POST /api/task  200 45.789 ms Thu, 04 Jan 2024 18:06:39 GMT
GET /api/task?page=3&per_page=5&search_term=  200 7.420 ms Thu, 04 Jan 2024 18:06:46 GMT
GET /api/task?page=1&per_page=5&search_term=&completed=true  200 59.761 ms Thu, 04 Jan 2024 18:16:57 GMT
GET /api/task?page=1&per_page=5&search_term=&completed=true  200 25.050 ms Thu, 04 Jan 2024 18:17:32 GMT
GET /api/task?page=1&per_page=5&search_term=&completed=true  200 22.503 ms Thu, 04 Jan 2024 18:18:49 GMT
GET /api/task?page=1&per_page=5&search_term=&completed=  200 45.706 ms Thu, 04 Jan 2024 18:19:02 GMT
GET /api/task?page=1&per_page=5&search_term=&completed=  200 31.110 ms Thu, 04 Jan 2024 18:19:33 GMT
GET /api/task?page=1&per_page=5&search_term=&completed=  200 26.329 ms Thu, 04 Jan 2024 18:20:00 GMT
GET /api/task?page=1&per_page=5&search_term=&completed=  200 18.830 ms Thu, 04 Jan 2024 18:22:30 GMT
GET /api/task?page=1&per_page=5&search_term=&completed=true  200 5.499 ms Thu, 04 Jan 2024 18:22:40 GMT
GET /api/task?page=1&per_page=5&search_term=&completed=false  200 45.962 ms Thu, 04 Jan 2024 18:22:50 GMT
GET /api/task?page=1&per_page=5&search_term=&completed=false  200 62.543 ms Thu, 04 Jan 2024 18:23:02 GMT
GET /api/task?page=1&per_page=5&search_term=&completed=false  200 141.170 ms Thu, 04 Jan 2024 18:23:18 GMT
GET /api/task?page=1&per_page=5&search_term=&completed=  200 4.995 ms Thu, 04 Jan 2024 18:23:22 GMT
GET /api/task?page=1&per_page=5&search_term=&completed=  200 25.517 ms Thu, 04 Jan 2024 18:23:56 GMT
GET /api/task?page=1&per_page=5&search_term=&completed=true  200 8.461 ms Thu, 04 Jan 2024 18:24:03 GMT
GET /api/task?page=1&per_page=5&search_term=&completed=false  200 5.477 ms Thu, 04 Jan 2024 18:24:08 GMT
GET /api/task?page=1&per_page=5&search_term=&completed=false  200 23.541 ms Thu, 04 Jan 2024 18:28:38 GMT
GET /api/task?page=1&per_page=5&search_term=&completed=true  200 7.955 ms Thu, 04 Jan 2024 18:28:46 GMT
GET /api/task?page=1&per_page=5&search_term=&completed=  200 5.438 ms Thu, 04 Jan 2024 18:28:51 GMT
GET /api/task?page=1&per_page=5&search_term=when&completed=  200 20.548 ms Thu, 04 Jan 2024 18:31:02 GMT
GET /api/task?page=1&per_page=5&search_term=when&completed=true  400 7.602 ms Thu, 04 Jan 2024 18:31:07 GMT
GET /api/task?page=1&per_page=5&search_term=when&completed=false  200 6.094 ms Thu, 04 Jan 2024 18:31:11 GMT
GET /api/task?page=2&per_page=5&search_term=when&completed=false  400 45.483 ms Thu, 04 Jan 2024 18:31:23 GMT
GET /api/task?page=1&per_page=5&search_term=when&completed=false  200 6.816 ms Thu, 04 Jan 2024 18:31:32 GMT
GET /api/task?page=1&per_page=5&search_term=when&completed=false  200 17.917 ms Thu, 04 Jan 2024 18:32:11 GMT
